<?xml version="1.0" encoding="UTF-8"?>
<!-- Generated by org.testng.reporters.JUnitReportReporter -->
<testsuite skipped="0" hostname="DESKTOP-MAM0QV8" name="com.bhimangroup.regression.FBTestCaseLoginPage" tests="1" failures="0" timestamp="08 Apr 2021 14:04:00 GMT" time="13.780" errors="0">
  <testcase name="verifyLoginForInvalidEmalOrPhone" time="13.780" classname="com.bhimangroup.regression.FBTestCaseLoginPage"/>
</testsuite> <!-- com.bhimangroup.regression.FBTestCaseLoginPage -->
