<?xml version="1.0" encoding="UTF-8"?>
<!-- Generated by org.testng.reporters.JUnitReportReporter -->
<testsuite skipped="0" hostname="DESKTOP-MAM0QV8" name="com.bhimangroup.regression.Regression" tests="8" failures="0" timestamp="25 Mar 2021 03:53:04 GMT" time="79.599" errors="0">
  <testcase name="TC_02" time="8.761" classname="com.bhimangroup.regression.Regression"/>
  <testcase name="TC_08" time="8.622" classname="com.bhimangroup.regression.Regression"/>
  <testcase name="TC_06" time="12.378" classname="com.bhimangroup.regression.Regression"/>
  <testcase name="TC_04" time="10.753" classname="com.bhimangroup.regression.Regression"/>
  <testcase name="TC_01" time="10.746" classname="com.bhimangroup.regression.Regression"/>
  <testcase name="TC_05" time="12.979" classname="com.bhimangroup.regression.Regression"/>
  <testcase name="TC_07" time="7.728" classname="com.bhimangroup.regression.Regression"/>
  <testcase name="TC_03" time="7.632" classname="com.bhimangroup.regression.Regression"/>
</testsuite> <!-- com.bhimangroup.regression.Regression -->
