<?xml version="1.0" encoding="UTF-8"?>
<!-- Generated by org.testng.reporters.JUnitReportReporter -->
<testsuite skipped="0" hostname="DESKTOP-MAM0QV8" name="com.bhimangroup.regression.Regression1" tests="1" failures="0" timestamp="07 Apr 2021 05:33:25 GMT" time="10.843" errors="0">
  <testcase name="TC_01" time="10.843" classname="com.bhimangroup.regression.Regression1"/>
</testsuite> <!-- com.bhimangroup.regression.Regression1 -->
